1773545363.763358 client started (1936): version 3.4, socket /tmp/tmux-1000/default, protocol 8
1773545363.764000 on Linux 6.6.87.2-microsoft-standard-WSL2 #1 SMP PREEMPT_DYNAMIC Thu Jun  5 18:30:46 UTC 2025
1773545363.764349 using libevent 2.1.12-stable poll
1773545363.764567 using ncurses 6.4 20240113
1773545363.764795 flags are 0x10010000
1773545363.764997 socket is /tmp/tmux-1000/default
1773545363.765213 trying connect
1773545363.765458 add peer 0x630c4ca12650: 6 ((nil))
1773545363.766115 sending message 100 to peer 0x630c4ca12650 (4 bytes)
1773545363.766334 sending message 111 to peer 0x630c4ca12650 (8 bytes)
1773545363.766557 sending message 101 to peer 0x630c4ca12650 (14 bytes)
1773545363.766813 sending message 109 to peer 0x630c4ca12650 (4 bytes)
1773545363.767271 sending message 102 to peer 0x630c4ca12650 (11 bytes)
1773545363.767510 sending message 108 to peer 0x630c4ca12650 (37 bytes)
1773545363.767722 sending message 112 to peer 0x630c4ca12650 (70 bytes)
1773545363.767926 sending message 112 to peer 0x630c4ca12650 (5 bytes)
1773545363.768170 sending message 112 to peer 0x630c4ca12650 (5 bytes)
1773545363.768375 sending message 112 to peer 0x630c4ca12650 (6 bytes)
1773545363.768582 sending message 112 to peer 0x630c4ca12650 (6 bytes)
1773545363.768830 sending message 112 to peer 0x630c4ca12650 (11 bytes)
1773545363.769032 sending message 112 to peer 0x630c4ca12650 (10 bytes)
1773545363.769258 sending message 112 to peer 0x630c4ca12650 (13 bytes)
1773545363.769472 sending message 112 to peer 0x630c4ca12650 (13 bytes)
1773545363.769642 sending message 112 to peer 0x630c4ca12650 (18 bytes)
1773545363.769821 sending message 112 to peer 0x630c4ca12650 (11 bytes)
1773545363.769981 sending message 112 to peer 0x630c4ca12650 (10 bytes)
1773545363.770179 sending message 112 to peer 0x630c4ca12650 (15 bytes)
1773545363.770378 sending message 112 to peer 0x630c4ca12650 (21 bytes)
1773545363.770519 sending message 112 to peer 0x630c4ca12650 (13 bytes)
1773545363.770671 sending message 112 to peer 0x630c4ca12650 (7 bytes)
1773545363.770810 sending message 112 to peer 0x630c4ca12650 (13 bytes)
1773545363.770958 sending message 112 to peer 0x630c4ca12650 (7 bytes)
1773545363.771095 sending message 112 to peer 0x630c4ca12650 (13 bytes)
1773545363.771229 sending message 112 to peer 0x630c4ca12650 (9 bytes)
1773545363.771364 sending message 112 to peer 0x630c4ca12650 (21 bytes)
1773545363.771497 sending message 112 to peer 0x630c4ca12650 (13 bytes)
1773545363.771637 sending message 112 to peer 0x630c4ca12650 (8 bytes)
1773545363.771771 sending message 112 to peer 0x630c4ca12650 (12 bytes)
1773545363.771906 sending message 112 to peer 0x630c4ca12650 (13 bytes)
1773545363.772047 sending message 112 to peer 0x630c4ca12650 (9 bytes)
1773545363.772185 sending message 112 to peer 0x630c4ca12650 (9 bytes)
1773545363.772321 sending message 112 to peer 0x630c4ca12650 (12 bytes)
1773545363.772477 sending message 112 to peer 0x630c4ca12650 (8 bytes)
1773545363.772679 sending message 112 to peer 0x630c4ca12650 (8 bytes)
1773545363.772877 sending message 112 to peer 0x630c4ca12650 (7 bytes)
1773545363.773133 sending message 112 to peer 0x630c4ca12650 (7 bytes)
1773545363.773452 sending message 112 to peer 0x630c4ca12650 (9 bytes)
1773545363.773698 sending message 112 to peer 0x630c4ca12650 (13 bytes)
1773545363.773878 sending message 112 to peer 0x630c4ca12650 (6 bytes)
1773545363.774102 sending message 112 to peer 0x630c4ca12650 (9 bytes)
1773545363.774307 sending message 112 to peer 0x630c4ca12650 (15 bytes)
1773545363.774516 sending message 112 to peer 0x630c4ca12650 (13 bytes)
1773545363.774689 sending message 112 to peer 0x630c4ca12650 (12 bytes)
1773545363.774896 sending message 112 to peer 0x630c4ca12650 (8 bytes)
1773545363.775113 sending message 112 to peer 0x630c4ca12650 (14 bytes)
1773545363.775336 sending message 112 to peer 0x630c4ca12650 (11 bytes)
1773545363.775497 sending message 112 to peer 0x630c4ca12650 (9 bytes)
1773545363.775710 sending message 112 to peer 0x630c4ca12650 (10 bytes)
1773545363.775906 sending message 112 to peer 0x630c4ca12650 (10 bytes)
1773545363.776081 sending message 112 to peer 0x630c4ca12650 (10 bytes)
1773545363.776278 sending message 112 to peer 0x630c4ca12650 (10 bytes)
1773545363.776437 sending message 112 to peer 0x630c4ca12650 (11 bytes)
1773545363.776588 sending message 112 to peer 0x630c4ca12650 (12 bytes)
1773545363.776749 sending message 112 to peer 0x630c4ca12650 (12 bytes)
1773545363.776909 sending message 112 to peer 0x630c4ca12650 (12 bytes)
1773545363.777096 sending message 112 to peer 0x630c4ca12650 (12 bytes)
1773545363.777248 sending message 112 to peer 0x630c4ca12650 (12 bytes)
1773545363.777416 sending message 112 to peer 0x630c4ca12650 (11 bytes)
1773545363.777570 sending message 112 to peer 0x630c4ca12650 (11 bytes)
1773545363.777745 sending message 112 to peer 0x630c4ca12650 (12 bytes)
1773545363.777949 sending message 112 to peer 0x630c4ca12650 (12 bytes)
1773545363.778151 sending message 112 to peer 0x630c4ca12650 (12 bytes)
1773545363.778333 sending message 112 to peer 0x630c4ca12650 (12 bytes)
1773545363.778608 sending message 112 to peer 0x630c4ca12650 (12 bytes)
1773545363.778834 sending message 112 to peer 0x630c4ca12650 (10 bytes)
1773545363.779102 sending message 112 to peer 0x630c4ca12650 (12 bytes)
1773545363.779327 sending message 112 to peer 0x630c4ca12650 (13 bytes)
1773545363.779513 sending message 112 to peer 0x630c4ca12650 (13 bytes)
1773545363.779696 sending message 112 to peer 0x630c4ca12650 (13 bytes)
1773545363.779900 sending message 112 to peer 0x630c4ca12650 (13 bytes)
1773545363.780105 sending message 112 to peer 0x630c4ca12650 (13 bytes)
1773545363.780470 sending message 112 to peer 0x630c4ca12650 (8 bytes)
1773545363.780720 sending message 112 to peer 0x630c4ca12650 (11 bytes)
1773545363.780934 sending message 112 to peer 0x630c4ca12650 (11 bytes)
1773545363.781197 sending message 112 to peer 0x630c4ca12650 (11 bytes)
1773545363.781370 sending message 112 to peer 0x630c4ca12650 (12 bytes)
1773545363.781522 sending message 112 to peer 0x630c4ca12650 (12 bytes)
1773545363.781718 sending message 112 to peer 0x630c4ca12650 (12 bytes)
1773545363.781880 sending message 112 to peer 0x630c4ca12650 (12 bytes)
1773545363.782070 sending message 112 to peer 0x630c4ca12650 (13 bytes)
1773545363.782229 sending message 112 to peer 0x630c4ca12650 (13 bytes)
1773545363.782397 sending message 112 to peer 0x630c4ca12650 (13 bytes)
1773545363.782573 sending message 112 to peer 0x630c4ca12650 (8 bytes)
1773545363.782739 sending message 112 to peer 0x630c4ca12650 (13 bytes)
1773545363.782909 sending message 112 to peer 0x630c4ca12650 (13 bytes)
1773545363.783072 sending message 112 to peer 0x630c4ca12650 (13 bytes)
1773545363.783262 sending message 112 to peer 0x630c4ca12650 (13 bytes)
1773545363.783426 sending message 112 to peer 0x630c4ca12650 (13 bytes)
1773545363.783627 sending message 112 to peer 0x630c4ca12650 (12 bytes)
1773545363.783834 sending message 112 to peer 0x630c4ca12650 (12 bytes)
1773545363.784080 sending message 112 to peer 0x630c4ca12650 (12 bytes)
1773545363.784262 sending message 112 to peer 0x630c4ca12650 (12 bytes)
1773545363.784423 sending message 112 to peer 0x630c4ca12650 (13 bytes)
1773545363.784583 sending message 112 to peer 0x630c4ca12650 (8 bytes)
1773545363.784788 sending message 112 to peer 0x630c4ca12650 (13 bytes)
1773545363.785054 sending message 112 to peer 0x630c4ca12650 (13 bytes)
1773545363.785243 sending message 112 to peer 0x630c4ca12650 (13 bytes)
1773545363.785439 sending message 112 to peer 0x630c4ca12650 (13 bytes)
1773545363.785651 sending message 112 to peer 0x630c4ca12650 (13 bytes)
1773545363.785847 sending message 112 to peer 0x630c4ca12650 (13 bytes)
1773545363.786045 sending message 112 to peer 0x630c4ca12650 (13 bytes)
1773545363.786275 sending message 112 to peer 0x630c4ca12650 (12 bytes)
1773545363.786529 sending message 112 to peer 0x630c4ca12650 (12 bytes)
1773545363.786786 sending message 112 to peer 0x630c4ca12650 (12 bytes)
1773545363.786967 sending message 112 to peer 0x630c4ca12650 (8 bytes)
1773545363.787139 sending message 112 to peer 0x630c4ca12650 (12 bytes)
1773545363.787314 sending message 112 to peer 0x630c4ca12650 (13 bytes)
1773545363.787525 sending message 112 to peer 0x630c4ca12650 (13 bytes)
1773545363.787744 sending message 112 to peer 0x630c4ca12650 (13 bytes)
1773545363.787958 sending message 112 to peer 0x630c4ca12650 (13 bytes)
1773545363.788211 sending message 112 to peer 0x630c4ca12650 (13 bytes)
1773545363.788432 sending message 112 to peer 0x630c4ca12650 (13 bytes)
1773545363.788598 sending message 112 to peer 0x630c4ca12650 (13 bytes)
1773545363.788821 sending message 112 to peer 0x630c4ca12650 (13 bytes)
1773545363.789026 sending message 112 to peer 0x630c4ca12650 (12 bytes)
1773545363.789267 sending message 112 to peer 0x630c4ca12650 (10 bytes)
1773545363.789484 sending message 112 to peer 0x630c4ca12650 (12 bytes)
1773545363.789694 sending message 112 to peer 0x630c4ca12650 (12 bytes)
1773545363.789882 sending message 112 to peer 0x630c4ca12650 (12 bytes)
1773545363.790109 sending message 112 to peer 0x630c4ca12650 (13 bytes)
1773545363.790285 sending message 112 to peer 0x630c4ca12650 (13 bytes)
1773545363.790454 sending message 112 to peer 0x630c4ca12650 (13 bytes)
1773545363.790690 sending message 112 to peer 0x630c4ca12650 (13 bytes)
1773545363.790881 sending message 112 to peer 0x630c4ca12650 (13 bytes)
1773545363.791158 sending message 112 to peer 0x630c4ca12650 (13 bytes)
1773545363.791372 sending message 112 to peer 0x630c4ca12650 (13 bytes)
1773545363.791613 sending message 112 to peer 0x630c4ca12650 (10 bytes)
1773545363.791871 sending message 112 to peer 0x630c4ca12650 (13 bytes)
1773545363.792091 sending message 112 to peer 0x630c4ca12650 (12 bytes)
1773545363.792311 sending message 112 to peer 0x630c4ca12650 (12 bytes)
1773545363.792461 sending message 112 to peer 0x630c4ca12650 (12 bytes)
1773545363.792627 sending message 112 to peer 0x630c4ca12650 (10 bytes)
1773545363.792779 sending message 112 to peer 0x630c4ca12650 (10 bytes)
1773545363.792954 sending message 112 to peer 0x630c4ca12650 (10 bytes)
1773545363.793107 sending message 112 to peer 0x630c4ca12650 (12 bytes)
1773545363.793317 sending message 112 to peer 0x630c4ca12650 (13 bytes)
1773545363.793505 sending message 112 to peer 0x630c4ca12650 (13 bytes)
1773545363.793709 sending message 112 to peer 0x630c4ca12650 (13 bytes)
1773545363.793948 sending message 112 to peer 0x630c4ca12650 (13 bytes)
1773545363.794118 sending message 112 to peer 0x630c4ca12650 (13 bytes)
1773545363.794297 sending message 112 to peer 0x630c4ca12650 (11 bytes)
1773545363.794546 sending message 112 to peer 0x630c4ca12650 (11 bytes)
1773545363.794831 sending message 112 to peer 0x630c4ca12650 (12 bytes)
1773545363.795019 sending message 112 to peer 0x630c4ca12650 (12 bytes)
1773545363.795204 sending message 112 to peer 0x630c4ca12650 (12 bytes)
1773545363.795364 sending message 112 to peer 0x630c4ca12650 (12 bytes)
1773545363.795611 sending message 112 to peer 0x630c4ca12650 (12 bytes)
1773545363.795785 sending message 112 to peer 0x630c4ca12650 (11 bytes)
1773545363.795957 sending message 112 to peer 0x630c4ca12650 (12 bytes)
1773545363.796137 sending message 112 to peer 0x630c4ca12650 (12 bytes)
1773545363.796323 sending message 112 to peer 0x630c4ca12650 (13 bytes)
1773545363.796486 sending message 112 to peer 0x630c4ca12650 (13 bytes)
1773545363.796654 sending message 112 to peer 0x630c4ca12650 (13 bytes)
1773545363.796815 sending message 112 to peer 0x630c4ca12650 (13 bytes)
1773545363.796976 sending message 112 to peer 0x630c4ca12650 (13 bytes)
1773545363.797137 sending message 112 to peer 0x630c4ca12650 (10 bytes)
1773545363.797296 sending message 112 to peer 0x630c4ca12650 (9 bytes)
1773545363.797456 sending message 112 to peer 0x630c4ca12650 (12 bytes)
1773545363.797616 sending message 112 to peer 0x630c4ca12650 (13 bytes)
1773545363.797787 sending message 112 to peer 0x630c4ca12650 (13 bytes)
1773545363.798028 sending message 112 to peer 0x630c4ca12650 (13 bytes)
1773545363.798165 sending message 112 to peer 0x630c4ca12650 (13 bytes)
1773545363.798304 sending message 112 to peer 0x630c4ca12650 (13 bytes)
1773545363.798444 sending message 112 to peer 0x630c4ca12650 (9 bytes)
1773545363.798609 sending message 112 to peer 0x630c4ca12650 (12 bytes)
1773545363.798761 sending message 112 to peer 0x630c4ca12650 (13 bytes)
1773545363.798901 sending message 112 to peer 0x630c4ca12650 (13 bytes)
1773545363.799038 sending message 112 to peer 0x630c4ca12650 (13 bytes)
1773545363.799175 sending message 112 to peer 0x630c4ca12650 (13 bytes)
1773545363.799336 sending message 112 to peer 0x630c4ca12650 (13 bytes)
1773545363.799481 sending message 112 to peer 0x630c4ca12650 (11 bytes)
1773545363.799615 sending message 112 to peer 0x630c4ca12650 (12 bytes)
1773545363.799751 sending message 112 to peer 0x630c4ca12650 (13 bytes)
1773545363.799888 sending message 112 to peer 0x630c4ca12650 (13 bytes)
1773545363.800023 sending message 112 to peer 0x630c4ca12650 (13 bytes)
1773545363.800160 sending message 112 to peer 0x630c4ca12650 (13 bytes)
1773545363.800422 sending message 112 to peer 0x630c4ca12650 (13 bytes)
1773545363.800625 sending message 112 to peer 0x630c4ca12650 (11 bytes)
1773545363.800785 sending message 112 to peer 0x630c4ca12650 (12 bytes)
1773545363.801016 sending message 112 to peer 0x630c4ca12650 (12 bytes)
1773545363.801275 sending message 112 to peer 0x630c4ca12650 (12 bytes)
1773545363.801586 sending message 112 to peer 0x630c4ca12650 (12 bytes)
1773545363.801835 sending message 112 to peer 0x630c4ca12650 (12 bytes)
1773545363.802045 sending message 112 to peer 0x630c4ca12650 (21 bytes)
1773545363.802259 sending message 112 to peer 0x630c4ca12650 (12 bytes)
1773545363.802469 sending message 112 to peer 0x630c4ca12650 (9 bytes)
1773545363.802678 sending message 112 to peer 0x630c4ca12650 (6 bytes)
1773545363.802917 sending message 112 to peer 0x630c4ca12650 (13 bytes)
1773545363.803145 sending message 112 to peer 0x630c4ca12650 (8 bytes)
1773545363.803395 sending message 112 to peer 0x630c4ca12650 (15 bytes)
1773545363.803617 sending message 112 to peer 0x630c4ca12650 (13 bytes)
1773545363.803851 sending message 112 to peer 0x630c4ca12650 (9 bytes)
1773545363.804119 sending message 112 to peer 0x630c4ca12650 (70 bytes)
1773545363.804398 sending message 112 to peer 0x630c4ca12650 (69 bytes)
1773545363.804638 sending message 112 to peer 0x630c4ca12650 (10 bytes)
1773545363.804994 sending message 112 to peer 0x630c4ca12650 (10 bytes)
1773545363.805261 sending message 112 to peer 0x630c4ca12650 (8 bytes)
1773545363.805473 sending message 112 to peer 0x630c4ca12650 (15 bytes)
1773545363.805682 sending message 112 to peer 0x630c4ca12650 (13 bytes)
1773545363.805975 sending message 112 to peer 0x630c4ca12650 (10 bytes)
1773545363.806202 sending message 112 to peer 0x630c4ca12650 (10 bytes)
1773545363.806452 sending message 112 to peer 0x630c4ca12650 (17 bytes)
1773545363.806748 sending message 112 to peer 0x630c4ca12650 (10 bytes)
1773545363.806986 sending message 112 to peer 0x630c4ca12650 (13 bytes)
1773545363.807326 sending message 112 to peer 0x630c4ca12650 (9 bytes)
1773545363.807615 sending message 112 to peer 0x630c4ca12650 (5 bytes)
1773545363.807846 sending message 112 to peer 0x630c4ca12650 (15 bytes)
1773545363.808062 sending message 104 to peer 0x630c4ca12650 (0 bytes)
1773545363.808288 sending message 110 to peer 0x630c4ca12650 (0 bytes)
1773545363.808584 sending message 107 to peer 0x630c4ca12650 (4 bytes)
1773545363.808885 sending message 105 to peer 0x630c4ca12650 (16 bytes)
1773545363.809101 sending message 105 to peer 0x630c4ca12650 (24 bytes)
1773545363.809274 sending message 105 to peer 0x630c4ca12650 (25 bytes)
1773545363.809634 sending message 105 to peer 0x630c4ca12650 (23 bytes)
1773545363.809876 sending message 105 to peer 0x630c4ca12650 (34 bytes)
1773545363.810095 sending message 105 to peer 0x630c4ca12650 (21 bytes)
1773545363.810393 sending message 105 to peer 0x630c4ca12650 (41 bytes)
1773545363.810661 sending message 105 to peer 0x630c4ca12650 (25 bytes)
1773545363.810908 sending message 105 to peer 0x630c4ca12650 (28 bytes)
1773545363.811133 sending message 105 to peer 0x630c4ca12650 (13 bytes)
1773545363.811369 sending message 105 to peer 0x630c4ca12650 (33 bytes)
1773545363.811545 sending message 105 to peer 0x630c4ca12650 (1817 bytes)
1773545363.811786 sending message 105 to peer 0x630c4ca12650 (26 bytes)
1773545363.812069 sending message 105 to peer 0x630c4ca12650 (34 bytes)
1773545363.812273 sending message 105 to peer 0x630c4ca12650 (19 bytes)
1773545363.812499 sending message 105 to peer 0x630c4ca12650 (32 bytes)
1773545363.812700 sending message 105 to peer 0x630c4ca12650 (22 bytes)
1773545363.812885 sending message 105 to peer 0x630c4ca12650 (13 bytes)
1773545363.813097 sending message 105 to peer 0x630c4ca12650 (11 bytes)
1773545363.813278 sending message 105 to peer 0x630c4ca12650 (8 bytes)
1773545363.813487 sending message 105 to peer 0x630c4ca12650 (32 bytes)
1773545363.813718 sending message 105 to peer 0x630c4ca12650 (8 bytes)
1773545363.813918 sending message 105 to peer 0x630c4ca12650 (65 bytes)
1773545363.814145 sending message 105 to peer 0x630c4ca12650 (1493 bytes)
1773545363.814373 sending message 105 to peer 0x630c4ca12650 (54 bytes)
1773545363.814630 sending message 105 to peer 0x630c4ca12650 (16 bytes)
1773545363.814854 sending message 105 to peer 0x630c4ca12650 (40 bytes)
1773545363.815064 sending message 105 to peer 0x630c4ca12650 (18 bytes)
1773545363.815275 sending message 105 to peer 0x630c4ca12650 (16 bytes)
1773545363.815849 sending message 106 to peer 0x630c4ca12650 (0 bytes)
1773545363.816187 sending message 200 to peer 0x630c4ca12650 (4 bytes)
1773545363.816482 client loop enter
1773545364.004277 peer 0x630c4ca12650 message 303
1773545364.004431 open write file 2 -
1773545364.004596 sending message 305 to peer 0x630c4ca12650 (8 bytes)
1773545364.004765 write check file 2
1773545364.006742 peer 0x630c4ca12650 message 304
1773545364.006920 write 58 to file 2
1773545364.007071 peer 0x630c4ca12650 message 203
1773545364.007277 file 2 58 bytes left
1773545364.007471 write check file 2
1773545364.007663 client loop exit
