1773545137.496032 client started (686): version 3.4, socket /tmp/tmux-1000/default, protocol 8
1773545137.496920 on Linux 6.6.87.2-microsoft-standard-WSL2 #1 SMP PREEMPT_DYNAMIC Thu Jun  5 18:30:46 UTC 2025
1773545137.497217 using libevent 2.1.12-stable poll
1773545137.497418 using ncurses 6.4 20240113
1773545137.497659 flags are 0x18010000
1773545137.497938 socket is /tmp/tmux-1000/default
1773545137.498125 trying connect
1773545137.498298 connect failed: No such file or directory
1773545137.498490 lock file is /tmp/tmux-1000/default.lock
1773545137.498691 flock succeeded
1773545137.498876 got lock (6)
1773545137.499049 trying connect
1773545137.499268 connect failed: No such file or directory
1773545137.499839 add peer 0x5c3991793b70: 7 ((nil))
1773545137.500694 sending message 100 to peer 0x5c3991793b70 (4 bytes)
1773545137.500898 sending message 111 to peer 0x5c3991793b70 (8 bytes)
1773545137.501079 sending message 101 to peer 0x5c3991793b70 (15 bytes)
1773545137.501247 sending message 109 to peer 0x5c3991793b70 (4 bytes)
1773545137.501423 sending message 102 to peer 0x5c3991793b70 (11 bytes)
1773545137.501594 sending message 108 to peer 0x5c3991793b70 (37 bytes)
1773545137.501757 sending message 112 to peer 0x5c3991793b70 (58 bytes)
1773545137.501901 sending message 112 to peer 0x5c3991793b70 (5 bytes)
1773545137.502122 sending message 112 to peer 0x5c3991793b70 (5 bytes)
1773545137.502291 sending message 112 to peer 0x5c3991793b70 (6 bytes)
1773545137.502481 sending message 112 to peer 0x5c3991793b70 (6 bytes)
1773545137.502752 sending message 112 to peer 0x5c3991793b70 (11 bytes)
1773545137.502892 sending message 112 to peer 0x5c3991793b70 (10 bytes)
1773545137.503152 sending message 112 to peer 0x5c3991793b70 (13 bytes)
1773545137.503303 sending message 112 to peer 0x5c3991793b70 (14 bytes)
1773545137.503527 sending message 112 to peer 0x5c3991793b70 (19 bytes)
1773545137.503720 sending message 112 to peer 0x5c3991793b70 (11 bytes)
1773545137.504225 sending message 112 to peer 0x5c3991793b70 (10 bytes)
1773545137.504453 sending message 112 to peer 0x5c3991793b70 (15 bytes)
1773545137.504646 sending message 112 to peer 0x5c3991793b70 (21 bytes)
1773545137.504838 sending message 112 to peer 0x5c3991793b70 (13 bytes)
1773545137.505095 sending message 112 to peer 0x5c3991793b70 (7 bytes)
1773545137.505281 sending message 112 to peer 0x5c3991793b70 (13 bytes)
1773545137.505472 sending message 112 to peer 0x5c3991793b70 (7 bytes)
1773545137.505669 sending message 112 to peer 0x5c3991793b70 (13 bytes)
1773545137.505845 sending message 112 to peer 0x5c3991793b70 (9 bytes)
1773545137.505995 sending message 112 to peer 0x5c3991793b70 (21 bytes)
1773545137.506139 sending message 112 to peer 0x5c3991793b70 (13 bytes)
1773545137.506320 sending message 112 to peer 0x5c3991793b70 (9 bytes)
1773545137.506467 sending message 112 to peer 0x5c3991793b70 (16 bytes)
1773545137.506604 sending message 112 to peer 0x5c3991793b70 (13 bytes)
1773545137.506774 sending message 112 to peer 0x5c3991793b70 (9 bytes)
1773545137.506916 sending message 112 to peer 0x5c3991793b70 (9 bytes)
1773545137.507078 sending message 112 to peer 0x5c3991793b70 (12 bytes)
1773545137.507245 sending message 112 to peer 0x5c3991793b70 (8 bytes)
1773545137.507407 sending message 112 to peer 0x5c3991793b70 (8 bytes)
1773545137.507603 sending message 112 to peer 0x5c3991793b70 (13 bytes)
1773545137.507747 sending message 112 to peer 0x5c3991793b70 (7 bytes)
1773545137.507935 sending message 112 to peer 0x5c3991793b70 (7 bytes)
1773545137.508081 sending message 112 to peer 0x5c3991793b70 (9 bytes)
1773545137.508240 sending message 112 to peer 0x5c3991793b70 (9 bytes)
1773545137.508363 sending message 112 to peer 0x5c3991793b70 (15 bytes)
1773545137.508556 sending message 112 to peer 0x5c3991793b70 (13 bytes)
1773545137.508729 sending message 112 to peer 0x5c3991793b70 (12 bytes)
1773545137.508858 sending message 112 to peer 0x5c3991793b70 (8 bytes)
1773545137.509021 sending message 112 to peer 0x5c3991793b70 (14 bytes)
1773545137.509157 sending message 112 to peer 0x5c3991793b70 (11 bytes)
1773545137.509337 sending message 112 to peer 0x5c3991793b70 (9 bytes)
1773545137.509511 sending message 112 to peer 0x5c3991793b70 (10 bytes)
1773545137.509673 sending message 112 to peer 0x5c3991793b70 (10 bytes)
1773545137.509864 sending message 112 to peer 0x5c3991793b70 (10 bytes)
1773545137.510159 sending message 112 to peer 0x5c3991793b70 (10 bytes)
1773545137.510302 sending message 112 to peer 0x5c3991793b70 (11 bytes)
1773545137.510497 sending message 112 to peer 0x5c3991793b70 (12 bytes)
1773545137.510703 sending message 112 to peer 0x5c3991793b70 (12 bytes)
1773545137.510895 sending message 112 to peer 0x5c3991793b70 (12 bytes)
1773545137.511062 sending message 112 to peer 0x5c3991793b70 (12 bytes)
1773545137.511225 sending message 112 to peer 0x5c3991793b70 (12 bytes)
1773545137.511388 sending message 112 to peer 0x5c3991793b70 (11 bytes)
1773545137.511574 sending message 112 to peer 0x5c3991793b70 (11 bytes)
1773545137.511785 sending message 112 to peer 0x5c3991793b70 (12 bytes)
1773545137.511965 sending message 112 to peer 0x5c3991793b70 (12 bytes)
1773545137.512150 sending message 112 to peer 0x5c3991793b70 (12 bytes)
1773545137.512311 sending message 112 to peer 0x5c3991793b70 (12 bytes)
1773545137.512482 sending message 112 to peer 0x5c3991793b70 (12 bytes)
1773545137.512669 sending message 112 to peer 0x5c3991793b70 (9 bytes)
1773545137.512848 sending message 112 to peer 0x5c3991793b70 (12 bytes)
1773545137.513017 sending message 112 to peer 0x5c3991793b70 (13 bytes)
1773545137.513170 sending message 112 to peer 0x5c3991793b70 (13 bytes)
1773545137.513342 sending message 112 to peer 0x5c3991793b70 (13 bytes)
1773545137.513480 sending message 112 to peer 0x5c3991793b70 (13 bytes)
1773545137.513667 sending message 112 to peer 0x5c3991793b70 (13 bytes)
1773545137.513805 sending message 112 to peer 0x5c3991793b70 (8 bytes)
1773545137.513966 sending message 112 to peer 0x5c3991793b70 (11 bytes)
1773545137.514127 sending message 112 to peer 0x5c3991793b70 (11 bytes)
1773545137.514281 sending message 112 to peer 0x5c3991793b70 (11 bytes)
1773545137.514473 sending message 112 to peer 0x5c3991793b70 (12 bytes)
1773545137.514661 sending message 112 to peer 0x5c3991793b70 (12 bytes)
1773545137.514823 sending message 112 to peer 0x5c3991793b70 (12 bytes)
1773545137.514967 sending message 112 to peer 0x5c3991793b70 (12 bytes)
1773545137.515123 sending message 112 to peer 0x5c3991793b70 (13 bytes)
1773545137.515297 sending message 112 to peer 0x5c3991793b70 (13 bytes)
1773545137.515474 sending message 112 to peer 0x5c3991793b70 (13 bytes)
1773545137.515634 sending message 112 to peer 0x5c3991793b70 (8 bytes)
1773545137.515781 sending message 112 to peer 0x5c3991793b70 (13 bytes)
1773545137.515975 sending message 112 to peer 0x5c3991793b70 (13 bytes)
1773545137.516142 sending message 112 to peer 0x5c3991793b70 (13 bytes)
1773545137.516348 sending message 112 to peer 0x5c3991793b70 (13 bytes)
1773545137.516562 sending message 112 to peer 0x5c3991793b70 (13 bytes)
1773545137.516802 sending message 112 to peer 0x5c3991793b70 (12 bytes)
1773545137.517060 sending message 112 to peer 0x5c3991793b70 (12 bytes)
1773545137.517263 sending message 112 to peer 0x5c3991793b70 (12 bytes)
1773545137.517488 sending message 112 to peer 0x5c3991793b70 (12 bytes)
1773545137.518033 sending message 112 to peer 0x5c3991793b70 (13 bytes)
1773545137.518276 sending message 112 to peer 0x5c3991793b70 (8 bytes)
1773545137.518462 sending message 112 to peer 0x5c3991793b70 (13 bytes)
1773545137.518666 sending message 112 to peer 0x5c3991793b70 (13 bytes)
1773545137.518909 sending message 112 to peer 0x5c3991793b70 (13 bytes)
1773545137.519094 sending message 112 to peer 0x5c3991793b70 (13 bytes)
1773545137.519280 sending message 112 to peer 0x5c3991793b70 (13 bytes)
1773545137.519518 sending message 112 to peer 0x5c3991793b70 (13 bytes)
1773545137.519793 sending message 112 to peer 0x5c3991793b70 (13 bytes)
1773545137.520003 sending message 112 to peer 0x5c3991793b70 (12 bytes)
1773545137.520201 sending message 112 to peer 0x5c3991793b70 (12 bytes)
1773545137.520352 sending message 112 to peer 0x5c3991793b70 (12 bytes)
1773545137.520555 sending message 112 to peer 0x5c3991793b70 (8 bytes)
1773545137.520801 sending message 112 to peer 0x5c3991793b70 (12 bytes)
1773545137.520973 sending message 112 to peer 0x5c3991793b70 (13 bytes)
1773545137.521132 sending message 112 to peer 0x5c3991793b70 (13 bytes)
1773545137.521278 sending message 112 to peer 0x5c3991793b70 (13 bytes)
1773545137.521437 sending message 112 to peer 0x5c3991793b70 (13 bytes)
1773545137.521611 sending message 112 to peer 0x5c3991793b70 (13 bytes)
1773545137.521762 sending message 112 to peer 0x5c3991793b70 (13 bytes)
1773545137.521900 sending message 112 to peer 0x5c3991793b70 (13 bytes)
1773545137.522079 sending message 112 to peer 0x5c3991793b70 (13 bytes)
1773545137.522233 sending message 112 to peer 0x5c3991793b70 (12 bytes)
1773545137.522374 sending message 112 to peer 0x5c3991793b70 (10 bytes)
1773545137.522511 sending message 112 to peer 0x5c3991793b70 (12 bytes)
1773545137.522701 sending message 112 to peer 0x5c3991793b70 (12 bytes)
1773545137.522840 sending message 112 to peer 0x5c3991793b70 (12 bytes)
1773545137.522987 sending message 112 to peer 0x5c3991793b70 (13 bytes)
1773545137.523132 sending message 112 to peer 0x5c3991793b70 (13 bytes)
1773545137.523272 sending message 112 to peer 0x5c3991793b70 (13 bytes)
1773545137.523435 sending message 112 to peer 0x5c3991793b70 (13 bytes)
1773545137.523589 sending message 112 to peer 0x5c3991793b70 (13 bytes)
1773545137.523758 sending message 112 to peer 0x5c3991793b70 (13 bytes)
1773545137.523975 sending message 112 to peer 0x5c3991793b70 (13 bytes)
1773545137.524140 sending message 112 to peer 0x5c3991793b70 (10 bytes)
1773545137.524292 sending message 112 to peer 0x5c3991793b70 (13 bytes)
1773545137.524503 sending message 112 to peer 0x5c3991793b70 (12 bytes)
1773545137.524709 sending message 112 to peer 0x5c3991793b70 (12 bytes)
1773545137.524898 sending message 112 to peer 0x5c3991793b70 (12 bytes)
1773545137.525072 sending message 112 to peer 0x5c3991793b70 (10 bytes)
1773545137.525245 sending message 112 to peer 0x5c3991793b70 (10 bytes)
1773545137.525399 sending message 112 to peer 0x5c3991793b70 (10 bytes)
1773545137.525546 sending message 112 to peer 0x5c3991793b70 (12 bytes)
1773545137.525805 sending message 112 to peer 0x5c3991793b70 (13 bytes)
1773545137.525960 sending message 112 to peer 0x5c3991793b70 (13 bytes)
1773545137.526110 sending message 112 to peer 0x5c3991793b70 (13 bytes)
1773545137.526260 sending message 112 to peer 0x5c3991793b70 (13 bytes)
1773545137.526409 sending message 112 to peer 0x5c3991793b70 (13 bytes)
1773545137.526570 sending message 112 to peer 0x5c3991793b70 (10 bytes)
1773545137.526748 sending message 112 to peer 0x5c3991793b70 (11 bytes)
1773545137.526889 sending message 112 to peer 0x5c3991793b70 (12 bytes)
1773545137.527031 sending message 112 to peer 0x5c3991793b70 (12 bytes)
1773545137.527172 sending message 112 to peer 0x5c3991793b70 (12 bytes)
1773545137.527313 sending message 112 to peer 0x5c3991793b70 (12 bytes)
1773545137.527455 sending message 112 to peer 0x5c3991793b70 (12 bytes)
1773545137.527599 sending message 112 to peer 0x5c3991793b70 (11 bytes)
1773545137.527740 sending message 112 to peer 0x5c3991793b70 (12 bytes)
1773545137.527886 sending message 112 to peer 0x5c3991793b70 (12 bytes)
1773545137.528027 sending message 112 to peer 0x5c3991793b70 (13 bytes)
1773545137.528169 sending message 112 to peer 0x5c3991793b70 (13 bytes)
1773545137.528310 sending message 112 to peer 0x5c3991793b70 (13 bytes)
1773545137.528451 sending message 112 to peer 0x5c3991793b70 (13 bytes)
1773545137.528617 sending message 112 to peer 0x5c3991793b70 (13 bytes)
1773545137.528779 sending message 112 to peer 0x5c3991793b70 (10 bytes)
1773545137.528942 sending message 112 to peer 0x5c3991793b70 (9 bytes)
1773545137.529082 sending message 112 to peer 0x5c3991793b70 (12 bytes)
1773545137.529229 sending message 112 to peer 0x5c3991793b70 (13 bytes)
1773545137.529374 sending message 112 to peer 0x5c3991793b70 (13 bytes)
1773545137.529520 sending message 112 to peer 0x5c3991793b70 (13 bytes)
1773545137.529666 sending message 112 to peer 0x5c3991793b70 (13 bytes)
1773545137.529810 sending message 112 to peer 0x5c3991793b70 (13 bytes)
1773545137.529975 sending message 112 to peer 0x5c3991793b70 (9 bytes)
1773545137.530126 sending message 112 to peer 0x5c3991793b70 (12 bytes)
1773545137.530296 sending message 112 to peer 0x5c3991793b70 (13 bytes)
1773545137.530456 sending message 112 to peer 0x5c3991793b70 (13 bytes)
1773545137.530590 sending message 112 to peer 0x5c3991793b70 (13 bytes)
1773545137.530898 sending message 112 to peer 0x5c3991793b70 (13 bytes)
1773545137.531093 sending message 112 to peer 0x5c3991793b70 (13 bytes)
1773545137.531260 sending message 112 to peer 0x5c3991793b70 (11 bytes)
1773545137.531445 sending message 112 to peer 0x5c3991793b70 (12 bytes)
1773545137.531652 sending message 112 to peer 0x5c3991793b70 (13 bytes)
1773545137.531834 sending message 112 to peer 0x5c3991793b70 (13 bytes)
1773545137.532008 sending message 112 to peer 0x5c3991793b70 (13 bytes)
1773545137.532214 sending message 112 to peer 0x5c3991793b70 (13 bytes)
1773545137.532384 sending message 112 to peer 0x5c3991793b70 (13 bytes)
1773545137.532663 sending message 112 to peer 0x5c3991793b70 (11 bytes)
1773545137.532888 sending message 112 to peer 0x5c3991793b70 (12 bytes)
1773545137.533047 sending message 112 to peer 0x5c3991793b70 (12 bytes)
1773545137.533248 sending message 112 to peer 0x5c3991793b70 (12 bytes)
1773545137.533479 sending message 112 to peer 0x5c3991793b70 (12 bytes)
1773545137.533703 sending message 112 to peer 0x5c3991793b70 (12 bytes)
1773545137.533902 sending message 112 to peer 0x5c3991793b70 (21 bytes)
1773545137.534148 sending message 112 to peer 0x5c3991793b70 (12 bytes)
1773545137.534345 sending message 112 to peer 0x5c3991793b70 (9 bytes)
1773545137.534595 sending message 112 to peer 0x5c3991793b70 (6 bytes)
1773545137.534787 sending message 112 to peer 0x5c3991793b70 (13 bytes)
1773545137.534980 sending message 112 to peer 0x5c3991793b70 (10 bytes)
1773545137.535165 sending message 112 to peer 0x5c3991793b70 (24 bytes)
1773545137.535380 sending message 112 to peer 0x5c3991793b70 (13 bytes)
1773545137.535615 sending message 112 to peer 0x5c3991793b70 (9 bytes)
1773545137.535839 sending message 112 to peer 0x5c3991793b70 (70 bytes)
1773545137.536012 sending message 112 to peer 0x5c3991793b70 (69 bytes)
1773545137.536180 sending message 112 to peer 0x5c3991793b70 (12 bytes)
1773545137.536362 sending message 112 to peer 0x5c3991793b70 (10 bytes)
1773545137.536560 sending message 112 to peer 0x5c3991793b70 (10 bytes)
1773545137.536749 sending message 112 to peer 0x5c3991793b70 (24 bytes)
1773545137.536924 sending message 112 to peer 0x5c3991793b70 (13 bytes)
1773545137.537104 sending message 112 to peer 0x5c3991793b70 (10 bytes)
1773545137.537270 sending message 112 to peer 0x5c3991793b70 (10 bytes)
1773545137.537485 sending message 112 to peer 0x5c3991793b70 (10 bytes)
1773545137.537663 sending message 112 to peer 0x5c3991793b70 (13 bytes)
1773545137.537987 sending message 112 to peer 0x5c3991793b70 (15 bytes)
1773545137.538198 sending message 112 to peer 0x5c3991793b70 (5 bytes)
1773545137.538418 sending message 104 to peer 0x5c3991793b70 (0 bytes)
1773545137.538686 sending message 110 to peer 0x5c3991793b70 (0 bytes)
1773545137.538851 sending message 107 to peer 0x5c3991793b70 (4 bytes)
1773545137.539057 sending message 105 to peer 0x5c3991793b70 (16 bytes)
1773545137.539284 sending message 105 to peer 0x5c3991793b70 (24 bytes)
1773545137.539447 sending message 105 to peer 0x5c3991793b70 (23 bytes)
1773545137.539757 sending message 105 to peer 0x5c3991793b70 (21 bytes)
1773545137.540086 sending message 105 to peer 0x5c3991793b70 (41 bytes)
1773545137.540392 sending message 105 to peer 0x5c3991793b70 (25 bytes)
1773545137.540631 sending message 105 to peer 0x5c3991793b70 (28 bytes)
1773545137.540846 sending message 105 to peer 0x5c3991793b70 (13 bytes)
1773545137.541071 sending message 105 to peer 0x5c3991793b70 (33 bytes)
1773545137.541280 sending message 105 to peer 0x5c3991793b70 (1817 bytes)
1773545137.541564 sending message 105 to peer 0x5c3991793b70 (26 bytes)
1773545137.541763 sending message 105 to peer 0x5c3991793b70 (34 bytes)
1773545137.542103 sending message 105 to peer 0x5c3991793b70 (20 bytes)
1773545137.542296 sending message 105 to peer 0x5c3991793b70 (32 bytes)
1773545137.542501 sending message 105 to peer 0x5c3991793b70 (22 bytes)
1773545137.542700 sending message 105 to peer 0x5c3991793b70 (11 bytes)
1773545137.542869 sending message 105 to peer 0x5c3991793b70 (8 bytes)
1773545137.543060 sending message 105 to peer 0x5c3991793b70 (32 bytes)
1773545137.543262 sending message 105 to peer 0x5c3991793b70 (8 bytes)
1773545137.543428 sending message 105 to peer 0x5c3991793b70 (65 bytes)
1773545137.543624 sending message 105 to peer 0x5c3991793b70 (1493 bytes)
1773545137.543779 sending message 105 to peer 0x5c3991793b70 (54 bytes)
1773545137.543984 sending message 105 to peer 0x5c3991793b70 (16 bytes)
1773545137.544148 sending message 105 to peer 0x5c3991793b70 (40 bytes)
1773545137.544320 sending message 105 to peer 0x5c3991793b70 (16 bytes)
1773545137.544485 sending message 106 to peer 0x5c3991793b70 (0 bytes)
1773545137.544749 sending message 200 to peer 0x5c3991793b70 (4 bytes)
1773545137.545008 client loop enter
1773545137.545294 client_signal: Child exited
1773545140.782870 peer 0x5c3991793b70 message 207
1773545140.783081 sending message 208 to peer 0x5c3991793b70 (0 bytes)
1773546299.229529 client_signal: Window changed
1773546299.229800 sending message 208 to peer 0x5c3991793b70 (0 bytes)
1773546439.636621 peer 0x5c3991793b70 message 202
1773546439.636792 sending message 205 to peer 0x5c3991793b70 (0 bytes)
1773546439.641464 peer 0x5c3991793b70 message 204
1773546439.641710 client loop exit
